../../../../AppData/Local/Pub/Cache/hosted/pub.dev/sliver_tools-0.2.8/lib/src/sliver_stack.dart(282,55): error G44692867: A value of type 'RenderObject?' can't be assigned to a variable of type 'AbstractNode?'. [C:\Users\kanya\OneDrive\Desktop\project\ATHOME-APP-Flutter\build\windows\flutter\flutter_assemble.vcxproj]
../../../../AppData/Local/Pub/Cache/hosted/pub.dev/sliver_tools-0.2.8/lib/src/sliver_stack.dart(283,54): error GE5CFE876: The method 'markNeedsLayout' isn't defined for the class 'AbstractNode?'. [C:\Users\kanya\OneDrive\Desktop\project\ATHOME-APP-Flutter\build\windows\flutter\flutter_assemble.vcxproj]
C:\Program Files (x86)\Microsoft Visual Studio\2022\BuildTools\MSBuild\Microsoft\VC\v170\Microsoft.CppCommon.targets(247,5): error MSB8066: Custom build for 'C:\Users\kanya\OneDrive\Desktop\project\ATHOME-APP-Flutter\build\windows\CMakeFiles\de6d5ccaee710cb3d60148dbf01c1976\flutter_windows.dll.rule;C:\Users\kanya\OneDrive\Desktop\project\ATHOME-APP-Flutter\build\windows\CMakeFiles\6cf62341bcfe2d4065eb9eaaf0219234\flutter_assemble.rule' exited with code 1. [C:\Users\kanya\OneDrive\Desktop\project\ATHOME-APP-Flutter\build\windows\flutter\flutter_assemble.vcxproj]
Building Windows application...                                    81.0s
Exception: Build process failed.



Building Windows application...                                    17.6s
Unhandled exception:
FileSystemException: writeFrom failed, path = 'C:\Users\kanya\AppData\Local\Temp\flutter_tools.6bf334d3\flutter_tool.e0c9dcb0\app.dill'  
(OS Error: There is not enough space on the disk.
, errno = 112)
#0      _checkForErrorResponse (dart:io/common.dart:55:9)
#1      _RandomAccessFile.writeFrom.<anonymous closure> (dart:io/file_impl.dart:884:7)
<asynchronous suspension>
#2      _FileStreamConsumer.addStream.<anonymous closure>.<anonymous closure>.<anonymous closure> (dart:io/file_impl.dart:218:21)        
<asynchronous suspension>
the Dart compiler exited unexpectedly.
Exception: Unable to generate build files


Launching lib\main.dart on Windows in debug mode...
C:\Users\kanya\OneDrive\Desktop\project\2023-09-05\ATHOME-APP-Flutter\build\windows\extracted\firebase_cpp_sdk\include\firebase/variant.h(801,7): error C2220: the following warning is treated as an error [C:\Users\kanya\OneDrive\Desktop\project\2023-09-05\ATHOME-APP-Flutter\build\windows\plugins\firebase_core\firebase_core_plugin.vcxproj]
C:\Users\kanya\OneDrive\Desktop\project\2023-09-05\ATHOME-APP-Flutter\build\windows\extracted\firebase_cpp_sdk\include\firebase/variant.h(801,7): warning C4996: 'strncpy': This function or variable may be unsafe. Consider using strncpy_s instead. To disable deprecation, use _CRT_SECURE_NO_WARNINGS. See online help for details. [C:\Users\kanya\OneDrive\Desktop\project\2023-09-05\ATHOME-APP-Flutter\build\windows\plugins\firebase_core\firebase_core_plugin.vcxproj]
C:\Users\kanya\OneDrive\Desktop\project\2023-09-05\ATHOME-APP-Flutter\build\windows\extracted\firebase_cpp_sdk\include\firebase/variant.h(827,7): warning C4996: 'strncpy': This function or variable may be unsafe. Consider using strncpy_s instead. To disable deprecation, use _CRT_SECURE_NO_WARNINGS. See online help for details. [C:\Users\kanya\OneDrive\Desktop\project\2023-09-05\ATHOME-APP-Flutter\build\windows\plugins\firebase_core\firebase_core_plugin.vcxproj]
Building Windows application...                                   375.8s
Exception: Build process failed.

C:\Users\kanya\OneDrive\Desktop\project\2023-09-05\ATHOME-APP-Flutter\build\windows\extracted\firebase_cpp_sdk\include\firebase/variant.h(801,7): error C2220: the following warning is treated as an error [C:\Users\kanya\OneDrive\Desktop\project\2023-09-05\ATHOME-APP-Flutter\build\windows\plugins\firebase_core\firebase_core_plugin.vcxproj]
C:\Users\kanya\OneDrive\Desktop\project\2023-09-05\ATHOME-APP-Flutter\build\windows\extracted\firebase_cpp_sdk\include\firebase/variant.h(801,7): warning C4996: 'strncpy': This function or variable may be unsafe. Consider using strncpy_s instead. To disable deprecation, use _CRT_SECURE_NO_WARNINGS. See online help for details. [C:\Users\kanya\OneDrive\Desktop\project\2023-09-05\ATHOME-APP-Flutter\build\windows\plugins\firebase_core\firebase_core_plugin.vcxproj]
C:\Users\kanya\OneDrive\Desktop\project\2023-09-05\ATHOME-APP-Flutter\build\windows\extracted\firebase_cpp_sdk\include\firebase/variant.h(827,7): warning C4996: 'strncpy': This function or variable may be unsafe. Consider using strncpy_s instead. To disable deprecation, use _CRT_SECURE_NO_WARNINGS. See online help for details. [C:\Users\kanya\OneDrive\Desktop\project\2023-09-05\ATHOME-APP-Flutter\build\windows\plugins\firebase_core\firebase_core_plugin.vcxproj]
Building Windows application...                                   371.0s
Exception: Build process failed.
